This file contains any messages produced by compilers while
running configure, to aid debugging if configure makes a mistake.

It was created by libao configure 1.2.0, which was
generated by GNU Autoconf 2.69.  Invocation command line was

  $ ./configure 

## --------- ##
## Platform. ##
## --------- ##

hostname = dhcp-clara-2699.redrover.cornell.edu
uname -m = x86_64
uname -r = 13.4.0
uname -s = Darwin
uname -v = Darwin Kernel Version 13.4.0: Sun Aug 17 19:50:11 PDT 2014; root:xnu-2422.115.4~1/RELEASE_X86_64

/usr/bin/uname -p = i386
/bin/uname -X     = unknown

/bin/arch              = unknown
/usr/bin/arch -k       = unknown
/usr/convex/getsysinfo = unknown
/usr/bin/hostinfo      = Mach kernel version:
	 Darwin Kernel Version 13.4.0: Sun Aug 17 19:50:11 PDT 2014; root:xnu-2422.115.4~1/RELEASE_X86_64
Kernel configured for up to 4 processors.
2 processors are physically available.
4 processors are logically available.
Processor type: i486 (Intel 80486)
Processors active: 0 1 2 3
Primary memory available: 8.00 gigabytes
Default processor set: 221 tasks, 1042 threads, 4 processors
Load average: 2.32, Mach factor: 1.66
/bin/machine           = unknown
/usr/bin/oslevel       = unknown
/bin/universe          = unknown

PATH: .
PATH: /Users/dudicusmafudicus/admin/bin
PATH: /usr/local/bin
PATH: /usr/bin
PATH: /bin
PATH: /usr/sbin
PATH: /sbin
PATH: /usr/local/bin
PATH: /usr/texbin
PATH: /usr/X11/bin
PATH: /opt/local/bin


## ----------- ##
## Core tests. ##
## ----------- ##

configure:2538: checking for a BSD-compatible install
configure:2606: result: /usr/bin/install -c
configure:2617: checking whether build environment is sane
configure:2672: result: yes
configure:2823: checking for a thread-safe mkdir -p
configure:2862: result: ./install-sh -c -d
configure:2869: checking for gawk
configure:2899: result: no
configure:2869: checking for mawk
configure:2899: result: no
configure:2869: checking for nawk
configure:2899: result: no
configure:2869: checking for awk
configure:2885: found /usr/bin/awk
configure:2896: result: awk
configure:2907: checking whether make sets $(MAKE)
configure:2929: result: yes
configure:2958: checking whether make supports nested variables
configure:2975: result: yes
configure:3061: checking whether to enable maintainer-specific portions of Makefiles
configure:3070: result: no
configure:3129: checking build system type
configure:3143: result: x86_64-apple-darwin13.4.0
configure:3163: checking host system type
configure:3176: result: x86_64-apple-darwin13.4.0
configure:3250: checking for gcc
configure:3266: found /usr/bin/gcc
configure:3277: result: gcc
configure:3506: checking for C compiler version
configure:3515: gcc --version >&5
Apple LLVM version 5.0 (clang-500.2.79) (based on LLVM 3.3svn)
Target: x86_64-apple-darwin13.4.0
Thread model: posix
Configured with: --prefix=/Applications/Xcode.app/Contents/Developer/usr --with-gxx-include-dir=/usr/include/c++/4.2.1
configure:3526: $? = 0
configure:3515: gcc -v >&5
Configured with: --prefix=/Applications/Xcode.app/Contents/Developer/usr --with-gxx-include-dir=/usr/include/c++/4.2.1
Apple LLVM version 5.0 (clang-500.2.79) (based on LLVM 3.3svn)
Target: x86_64-apple-darwin13.4.0
Thread model: posix
configure:3526: $? = 0
configure:3515: gcc -V >&5
clang: error: argument to '-V' is missing (expected 1 value)
clang: error: no input files
configure:3526: $? = 1
configure:3515: gcc -qversion >&5
clang: error: no input files
configure:3526: $? = 1
configure:3546: checking whether the C compiler works
configure:3568: gcc    conftest.c  >&5
configure:3572: $? = 0
configure:3620: result: yes
configure:3623: checking for C compiler default output file name
configure:3625: result: a.out
configure:3631: checking for suffix of executables
configure:3638: gcc -o conftest    conftest.c  >&5
configure:3642: $? = 0
configure:3664: result: 
configure:3686: checking whether we are cross compiling
configure:3694: gcc -o conftest    conftest.c  >&5
configure:3698: $? = 0
configure:3705: ./conftest
configure:3709: $? = 0
configure:3724: result: no
configure:3729: checking for suffix of object files
configure:3751: gcc -c   conftest.c >&5
configure:3755: $? = 0
configure:3776: result: o
configure:3780: checking whether we are using the GNU C compiler
configure:3799: gcc -c   conftest.c >&5
configure:3799: $? = 0
configure:3808: result: yes
configure:3817: checking whether gcc accepts -g
configure:3837: gcc -c -g  conftest.c >&5
configure:3837: $? = 0
configure:3878: result: yes
configure:3895: checking for gcc option to accept ISO C89
configure:3958: gcc  -c -g -O2  conftest.c >&5
configure:3958: $? = 0
configure:3971: result: none needed
configure:4002: checking for style of include used by make
configure:4030: result: GNU
configure:4056: checking dependency style of gcc
configure:4167: result: gcc3
configure:4535: checking how to print strings
configure:4562: result: printf
configure:4583: checking for a sed that does not truncate output
configure:4647: result: /usr/bin/sed
configure:4665: checking for grep that handles long lines and -e
configure:4723: result: /usr/bin/grep
configure:4728: checking for egrep
configure:4790: result: /usr/bin/grep -E
configure:4795: checking for fgrep
configure:4857: result: /usr/bin/grep -F
configure:4892: checking for ld used by gcc
configure:4959: result: /Applications/Xcode.app/Contents/Developer/Toolchains/XcodeDefault.xctoolchain/usr/bin/ld
configure:4966: checking if the linker (/Applications/Xcode.app/Contents/Developer/Toolchains/XcodeDefault.xctoolchain/usr/bin/ld) is GNU ld
configure:4981: result: no
configure:4993: checking for BSD- or MS-compatible name lister (nm)
configure:5042: result: /usr/bin/nm
configure:5172: checking the name lister (/usr/bin/nm) interface
configure:5179: gcc -c -g -O2  conftest.c >&5
configure:5182: /usr/bin/nm "conftest.o"
configure:5185: output
0000000000000214 S _some_variable
configure:5192: result: BSD nm
configure:5195: checking whether ln -s works
configure:5199: result: yes
configure:5207: checking the maximum length of command line arguments
configure:5337: result: 196608
configure:5354: checking whether the shell understands some XSI constructs
configure:5364: result: yes
configure:5368: checking whether the shell understands "+="
configure:5374: result: yes
configure:5409: checking how to convert x86_64-apple-darwin13.4.0 file names to x86_64-apple-darwin13.4.0 format
configure:5449: result: func_convert_file_noop
configure:5456: checking how to convert x86_64-apple-darwin13.4.0 file names to toolchain format
configure:5476: result: func_convert_file_noop
configure:5483: checking for /Applications/Xcode.app/Contents/Developer/Toolchains/XcodeDefault.xctoolchain/usr/bin/ld option to reload object files
configure:5490: result: -r
configure:5564: checking for objdump
configure:5591: result: objdump
configure:5620: checking how to recognize dependent libraries
configure:5822: result: pass_all
configure:5907: checking for dlltool
configure:5934: result: dlltool
configure:5964: checking how to associate runtime and link libraries
configure:5991: result: printf %s\n
configure:6052: checking for ar
configure:6068: found /usr/bin/ar
configure:6079: result: ar
configure:6116: checking for archiver @FILE support
configure:6133: gcc -c -g -O2  conftest.c >&5
configure:6133: $? = 0
configure:6136: ar cru libconftest.a @conftest.lst >&5
ar: @conftest.lst: No such file or directory
configure:6139: $? = 1
configure:6159: result: no
configure:6217: checking for strip
configure:6233: found /usr/bin/strip
configure:6244: result: strip
configure:6316: checking for ranlib
configure:6332: found /usr/bin/ranlib
configure:6343: result: ranlib
configure:6445: checking command to parse /usr/bin/nm output from gcc object
configure:6565: gcc -c -g -O2  conftest.c >&5
configure:6568: $? = 0
configure:6572: /usr/bin/nm conftest.o \| sed -n -e 's/^.*[ ]\([BCDEGRST][BCDEGRST]*\)[ ][ ]*\([_A-Za-z][_A-Za-z0-9]*\)$/\1 \2 \2/p' | sed '/ __gnu_lto/d' \> conftest.nm
configure:6575: $? = 0
cannot find nm_test_var in conftest.nm
configure:6565: gcc -c -g -O2  conftest.c >&5
configure:6568: $? = 0
configure:6572: /usr/bin/nm conftest.o \| sed -n -e 's/^.*[ ]\([BCDEGRST][BCDEGRST]*\)[ ][ ]*_\([_A-Za-z][_A-Za-z0-9]*\)$/\1 _\2 \2/p' | sed '/ __gnu_lto/d' \> conftest.nm
configure:6575: $? = 0
configure:6641: gcc -o conftest -g -O2   conftest.c conftstm.o >&5
configure:6644: $? = 0
configure:6682: result: ok
configure:6719: checking for sysroot
configure:6749: result: no
configure:7011: checking for mt
configure:7041: result: no
configure:7061: checking if : is a manifest tool
configure:7067: : '-?'
configure:7075: result: no
configure:7131: checking for dsymutil
configure:7147: found /usr/bin/dsymutil
configure:7158: result: dsymutil
configure:7223: checking for nmedit
configure:7239: found /usr/bin/nmedit
configure:7250: result: nmedit
configure:7315: checking for lipo
configure:7331: found /usr/bin/lipo
configure:7342: result: lipo
configure:7407: checking for otool
configure:7423: found /usr/bin/otool
configure:7434: result: otool
configure:7499: checking for otool64
configure:7529: result: no
configure:7574: checking for -single_module linker flag
gcc -g -O2  -o libconftest.dylib -dynamiclib -Wl,-single_module conftest.c
configure:7607: result: yes
configure:7610: checking for -exported_symbols_list linker flag
configure:7630: gcc -o conftest -g -O2   -Wl,-exported_symbols_list,conftest.sym conftest.c  >&5
configure:7630: $? = 0
configure:7640: result: yes
configure:7643: checking for -force_load linker flag
gcc -g -O2 -c -o conftest.o conftest.c
ar cru libconftest.a conftest.o
ranlib libconftest.a
gcc -g -O2  -o conftest conftest.c -Wl,-force_load,./libconftest.a
configure:7675: result: yes
configure:7717: checking how to run the C preprocessor
configure:7748: gcc -E  conftest.c
configure:7748: $? = 0
configure:7762: gcc -E  conftest.c
conftest.c:11:10: fatal error: 'ac_nonexistent.h' file not found
#include <ac_nonexistent.h>
         ^
1 error generated.
configure:7762: $? = 1
configure: failed program was:
| /* confdefs.h */
| #define PACKAGE_NAME "libao"
| #define PACKAGE_TARNAME "libao"
| #define PACKAGE_VERSION "1.2.0"
| #define PACKAGE_STRING "libao 1.2.0"
| #define PACKAGE_BUGREPORT "monty@xiph.org"
| #define PACKAGE_URL ""
| #define PACKAGE "libao"
| #define VERSION "1.2.0"
| /* end confdefs.h.  */
| #include <ac_nonexistent.h>
configure:7787: result: gcc -E
configure:7807: gcc -E  conftest.c
configure:7807: $? = 0
configure:7821: gcc -E  conftest.c
conftest.c:11:10: fatal error: 'ac_nonexistent.h' file not found
#include <ac_nonexistent.h>
         ^
1 error generated.
configure:7821: $? = 1
configure: failed program was:
| /* confdefs.h */
| #define PACKAGE_NAME "libao"
| #define PACKAGE_TARNAME "libao"
| #define PACKAGE_VERSION "1.2.0"
| #define PACKAGE_STRING "libao 1.2.0"
| #define PACKAGE_BUGREPORT "monty@xiph.org"
| #define PACKAGE_URL ""
| #define PACKAGE "libao"
| #define VERSION "1.2.0"
| /* end confdefs.h.  */
| #include <ac_nonexistent.h>
configure:7850: checking for ANSI C header files
configure:7870: gcc -c -g -O2  conftest.c >&5
configure:7870: $? = 0
configure:7943: gcc -o conftest -g -O2   conftest.c  >&5
configure:7943: $? = 0
configure:7943: ./conftest
configure:7943: $? = 0
configure:7954: result: yes
configure:7967: checking for sys/types.h
configure:7967: gcc -c -g -O2  conftest.c >&5
configure:7967: $? = 0
configure:7967: result: yes
configure:7967: checking for sys/stat.h
configure:7967: gcc -c -g -O2  conftest.c >&5
configure:7967: $? = 0
configure:7967: result: yes
configure:7967: checking for stdlib.h
configure:7967: gcc -c -g -O2  conftest.c >&5
configure:7967: $? = 0
configure:7967: result: yes
configure:7967: checking for string.h
configure:7967: gcc -c -g -O2  conftest.c >&5
configure:7967: $? = 0
configure:7967: result: yes
configure:7967: checking for memory.h
configure:7967: gcc -c -g -O2  conftest.c >&5
configure:7967: $? = 0
configure:7967: result: yes
configure:7967: checking for strings.h
configure:7967: gcc -c -g -O2  conftest.c >&5
configure:7967: $? = 0
configure:7967: result: yes
configure:7967: checking for inttypes.h
configure:7967: gcc -c -g -O2  conftest.c >&5
configure:7967: $? = 0
configure:7967: result: yes
configure:7967: checking for stdint.h
configure:7967: gcc -c -g -O2  conftest.c >&5
configure:7967: $? = 0
configure:7967: result: yes
configure:7967: checking for unistd.h
configure:7967: gcc -c -g -O2  conftest.c >&5
configure:7967: $? = 0
configure:7967: result: yes
configure:7981: checking for dlfcn.h
configure:7981: gcc -c -g -O2  conftest.c >&5
configure:7981: $? = 0
configure:7981: result: yes
configure:8153: checking for objdir
configure:8168: result: .libs
configure:8435: checking if gcc supports -fno-rtti -fno-exceptions
configure:8453: gcc -c -g -O2  -fno-rtti -fno-exceptions conftest.c >&5
configure:8457: $? = 0
configure:8470: result: yes
configure:8797: checking for gcc option to produce PIC
configure:8804: result: -fno-common -DPIC
configure:8812: checking if gcc PIC flag -fno-common -DPIC works
configure:8830: gcc -c -g -O2  -fno-common -DPIC -DPIC conftest.c >&5
configure:8834: $? = 0
configure:8847: result: yes
configure:8876: checking if gcc static flag -static works
configure:8904: result: no
configure:8919: checking if gcc supports -c -o file.o
configure:8940: gcc -c -g -O2  -o out/conftest2.o conftest.c >&5
configure:8944: $? = 0
configure:8966: result: yes
configure:8974: checking if gcc supports -c -o file.o
configure:9021: result: yes
configure:9054: checking whether the gcc linker (/Applications/Xcode.app/Contents/Developer/Toolchains/XcodeDefault.xctoolchain/usr/bin/ld) supports shared libraries
configure:10207: result: yes
configure:10447: checking dynamic linker characteristics
configure:11184: result: darwin13.4.0 dyld
configure:11291: checking how to hardcode library paths into programs
configure:11316: result: immediate
configure:11361: checking for dlopen in -ldl
configure:11386: gcc -o conftest -g -O2   conftest.c -ldl   >&5
configure:11386: $? = 0
configure:11395: result: yes
configure:11610: checking whether a program can dlopen itself
configure:11690: gcc -o conftest -g -O2  -DHAVE_DLFCN_H   conftest.c -ldl  >&5
configure:11693: $? = 0
configure:11711: result: yes
configure:11716: checking whether a statically linked program can dlopen itself
configure:11796: gcc -o conftest -g -O2  -DHAVE_DLFCN_H    conftest.c -ldl  >&5
configure:11799: $? = 0
configure:11817: result: yes
configure:11856: checking whether stripping libraries is possible
configure:11870: result: yes
configure:11896: checking if libtool supports shared libraries
configure:11898: result: yes
configure:11901: checking whether to build shared libraries
configure:11922: result: yes
configure:11925: checking whether to build static libraries
configure:11929: result: no
configure:11970: checking for dlfcn.h
configure:11970: result: yes
configure:11975: checking for library containing dlopen
configure:12006: gcc -o conftest -g -O2   conftest.c  >&5
configure:12006: $? = 0
configure:12023: result: none required
configure:12103: checking if libraries can be versioned
configure:12112: result: no
configure:12127: checking for pthread_kill in -lpthread
configure:12152: gcc -o conftest -D__NO_MATH_INLINES -fsigned-char  -DAO_BUILDING_LIBAO   conftest.c -lpthread   >&5
configure:12152: $? = 0
configure:12161: result: yes
configure:12202: checking size of short
configure:12207: gcc -o conftest -D__NO_MATH_INLINES -fsigned-char  -DAO_BUILDING_LIBAO   conftest.c -lpthread  >&5
configure:12207: $? = 0
configure:12207: ./conftest
configure:12207: $? = 0
configure:12221: result: 2
configure:12235: checking size of int
configure:12240: gcc -o conftest -D__NO_MATH_INLINES -fsigned-char  -DAO_BUILDING_LIBAO   conftest.c -lpthread  >&5
configure:12240: $? = 0
configure:12240: ./conftest
configure:12240: $? = 0
configure:12254: result: 4
configure:12268: checking size of long
configure:12273: gcc -o conftest -D__NO_MATH_INLINES -fsigned-char  -DAO_BUILDING_LIBAO   conftest.c -lpthread  >&5
configure:12273: $? = 0
configure:12273: ./conftest
configure:12273: $? = 0
configure:12287: result: 8
configure:12413: checking for esd-config
configure:12444: result: no
configure:12453: checking for ESD - version >= 0.2.8
configure:12553: result: no
configure:12626: checking sys/soundcard.h usability
configure:12626: gcc -c -D__NO_MATH_INLINES -fsigned-char  -DAO_BUILDING_LIBAO  conftest.c >&5
conftest.c:64:10: fatal error: 'sys/soundcard.h' file not found
#include <sys/soundcard.h>
         ^
1 error generated.
configure:12626: $? = 1
configure: failed program was:
| /* confdefs.h */
| #define PACKAGE_NAME "libao"
| #define PACKAGE_TARNAME "libao"
| #define PACKAGE_VERSION "1.2.0"
| #define PACKAGE_STRING "libao 1.2.0"
| #define PACKAGE_BUGREPORT "monty@xiph.org"
| #define PACKAGE_URL ""
| #define PACKAGE "libao"
| #define VERSION "1.2.0"
| #define STDC_HEADERS 1
| #define HAVE_SYS_TYPES_H 1
| #define HAVE_SYS_STAT_H 1
| #define HAVE_STDLIB_H 1
| #define HAVE_STRING_H 1
| #define HAVE_MEMORY_H 1
| #define HAVE_STRINGS_H 1
| #define HAVE_INTTYPES_H 1
| #define HAVE_STDINT_H 1
| #define HAVE_UNISTD_H 1
| #define HAVE_DLFCN_H 1
| #define LT_OBJDIR ".libs/"
| #define HAVE_DLFCN_H 1
| #define HAVE_DLOPEN 1
| #define HAVE_LIBPTHREAD 1
| #define DLOPEN_FLAG (RTLD_LAZY)
| #define SHARED_LIB_EXT ".so"
| #define SIZEOF_SHORT 2
| #define SIZEOF_INT 4
| #define SIZEOF_LONG 8
| /* end confdefs.h.  */
| #include <stdio.h>
| #ifdef HAVE_SYS_TYPES_H
| # include <sys/types.h>
| #endif
| #ifdef HAVE_SYS_STAT_H
| # include <sys/stat.h>
| #endif
| #ifdef STDC_HEADERS
| # include <stdlib.h>
| # include <stddef.h>
| #else
| # ifdef HAVE_STDLIB_H
| #  include <stdlib.h>
| # endif
| #endif
| #ifdef HAVE_STRING_H
| # if !defined STDC_HEADERS && defined HAVE_MEMORY_H
| #  include <memory.h>
| # endif
| # include <string.h>
| #endif
| #ifdef HAVE_STRINGS_H
| # include <strings.h>
| #endif
| #ifdef HAVE_INTTYPES_H
| # include <inttypes.h>
| #endif
| #ifdef HAVE_STDINT_H
| # include <stdint.h>
| #endif
| #ifdef HAVE_UNISTD_H
| # include <unistd.h>
| #endif
| #include <sys/soundcard.h>
configure:12626: result: no
configure:12626: checking sys/soundcard.h presence
configure:12626: gcc -E  conftest.c
conftest.c:31:10: fatal error: 'sys/soundcard.h' file not found
#include <sys/soundcard.h>
         ^
1 error generated.
configure:12626: $? = 1
configure: failed program was:
| /* confdefs.h */
| #define PACKAGE_NAME "libao"
| #define PACKAGE_TARNAME "libao"
| #define PACKAGE_VERSION "1.2.0"
| #define PACKAGE_STRING "libao 1.2.0"
| #define PACKAGE_BUGREPORT "monty@xiph.org"
| #define PACKAGE_URL ""
| #define PACKAGE "libao"
| #define VERSION "1.2.0"
| #define STDC_HEADERS 1
| #define HAVE_SYS_TYPES_H 1
| #define HAVE_SYS_STAT_H 1
| #define HAVE_STDLIB_H 1
| #define HAVE_STRING_H 1
| #define HAVE_MEMORY_H 1
| #define HAVE_STRINGS_H 1
| #define HAVE_INTTYPES_H 1
| #define HAVE_STDINT_H 1
| #define HAVE_UNISTD_H 1
| #define HAVE_DLFCN_H 1
| #define LT_OBJDIR ".libs/"
| #define HAVE_DLFCN_H 1
| #define HAVE_DLOPEN 1
| #define HAVE_LIBPTHREAD 1
| #define DLOPEN_FLAG (RTLD_LAZY)
| #define SHARED_LIB_EXT ".so"
| #define SIZEOF_SHORT 2
| #define SIZEOF_INT 4
| #define SIZEOF_LONG 8
| /* end confdefs.h.  */
| #include <sys/soundcard.h>
configure:12626: result: no
configure:12626: checking for sys/soundcard.h
configure:12626: result: no
configure:12638: checking machine/soundcard.h usability
configure:12638: gcc -c -D__NO_MATH_INLINES -fsigned-char  -DAO_BUILDING_LIBAO  conftest.c >&5
conftest.c:64:10: fatal error: 'machine/soundcard.h' file not found
#include <machine/soundcard.h>
         ^
1 error generated.
configure:12638: $? = 1
configure: failed program was:
| /* confdefs.h */
| #define PACKAGE_NAME "libao"
| #define PACKAGE_TARNAME "libao"
| #define PACKAGE_VERSION "1.2.0"
| #define PACKAGE_STRING "libao 1.2.0"
| #define PACKAGE_BUGREPORT "monty@xiph.org"
| #define PACKAGE_URL ""
| #define PACKAGE "libao"
| #define VERSION "1.2.0"
| #define STDC_HEADERS 1
| #define HAVE_SYS_TYPES_H 1
| #define HAVE_SYS_STAT_H 1
| #define HAVE_STDLIB_H 1
| #define HAVE_STRING_H 1
| #define HAVE_MEMORY_H 1
| #define HAVE_STRINGS_H 1
| #define HAVE_INTTYPES_H 1
| #define HAVE_STDINT_H 1
| #define HAVE_UNISTD_H 1
| #define HAVE_DLFCN_H 1
| #define LT_OBJDIR ".libs/"
| #define HAVE_DLFCN_H 1
| #define HAVE_DLOPEN 1
| #define HAVE_LIBPTHREAD 1
| #define DLOPEN_FLAG (RTLD_LAZY)
| #define SHARED_LIB_EXT ".so"
| #define SIZEOF_SHORT 2
| #define SIZEOF_INT 4
| #define SIZEOF_LONG 8
| /* end confdefs.h.  */
| #include <stdio.h>
| #ifdef HAVE_SYS_TYPES_H
| # include <sys/types.h>
| #endif
| #ifdef HAVE_SYS_STAT_H
| # include <sys/stat.h>
| #endif
| #ifdef STDC_HEADERS
| # include <stdlib.h>
| # include <stddef.h>
| #else
| # ifdef HAVE_STDLIB_H
| #  include <stdlib.h>
| # endif
| #endif
| #ifdef HAVE_STRING_H
| # if !defined STDC_HEADERS && defined HAVE_MEMORY_H
| #  include <memory.h>
| # endif
| # include <string.h>
| #endif
| #ifdef HAVE_STRINGS_H
| # include <strings.h>
| #endif
| #ifdef HAVE_INTTYPES_H
| # include <inttypes.h>
| #endif
| #ifdef HAVE_STDINT_H
| # include <stdint.h>
| #endif
| #ifdef HAVE_UNISTD_H
| # include <unistd.h>
| #endif
| #include <machine/soundcard.h>
configure:12638: result: no
configure:12638: checking machine/soundcard.h presence
configure:12638: gcc -E  conftest.c
conftest.c:31:10: fatal error: 'machine/soundcard.h' file not found
#include <machine/soundcard.h>
         ^
1 error generated.
configure:12638: $? = 1
configure: failed program was:
| /* confdefs.h */
| #define PACKAGE_NAME "libao"
| #define PACKAGE_TARNAME "libao"
| #define PACKAGE_VERSION "1.2.0"
| #define PACKAGE_STRING "libao 1.2.0"
| #define PACKAGE_BUGREPORT "monty@xiph.org"
| #define PACKAGE_URL ""
| #define PACKAGE "libao"
| #define VERSION "1.2.0"
| #define STDC_HEADERS 1
| #define HAVE_SYS_TYPES_H 1
| #define HAVE_SYS_STAT_H 1
| #define HAVE_STDLIB_H 1
| #define HAVE_STRING_H 1
| #define HAVE_MEMORY_H 1
| #define HAVE_STRINGS_H 1
| #define HAVE_INTTYPES_H 1
| #define HAVE_STDINT_H 1
| #define HAVE_UNISTD_H 1
| #define HAVE_DLFCN_H 1
| #define LT_OBJDIR ".libs/"
| #define HAVE_DLFCN_H 1
| #define HAVE_DLOPEN 1
| #define HAVE_LIBPTHREAD 1
| #define DLOPEN_FLAG (RTLD_LAZY)
| #define SHARED_LIB_EXT ".so"
| #define SIZEOF_SHORT 2
| #define SIZEOF_INT 4
| #define SIZEOF_LONG 8
| /* end confdefs.h.  */
| #include <machine/soundcard.h>
configure:12638: result: no
configure:12638: checking for machine/soundcard.h
configure:12638: result: no
configure:12675: checking for snd_pcm_open in -lasound
configure:12700: gcc -o conftest -D__NO_MATH_INLINES -fsigned-char  -DAO_BUILDING_LIBAO   conftest.c -lasound  -lpthread  >&5
ld: library not found for -lasound
clang: error: linker command failed with exit code 1 (use -v to see invocation)
configure:12700: $? = 1
configure: failed program was:
| /* confdefs.h */
| #define PACKAGE_NAME "libao"
| #define PACKAGE_TARNAME "libao"
| #define PACKAGE_VERSION "1.2.0"
| #define PACKAGE_STRING "libao 1.2.0"
| #define PACKAGE_BUGREPORT "monty@xiph.org"
| #define PACKAGE_URL ""
| #define PACKAGE "libao"
| #define VERSION "1.2.0"
| #define STDC_HEADERS 1
| #define HAVE_SYS_TYPES_H 1
| #define HAVE_SYS_STAT_H 1
| #define HAVE_STDLIB_H 1
| #define HAVE_STRING_H 1
| #define HAVE_MEMORY_H 1
| #define HAVE_STRINGS_H 1
| #define HAVE_INTTYPES_H 1
| #define HAVE_STDINT_H 1
| #define HAVE_UNISTD_H 1
| #define HAVE_DLFCN_H 1
| #define LT_OBJDIR ".libs/"
| #define HAVE_DLFCN_H 1
| #define HAVE_DLOPEN 1
| #define HAVE_LIBPTHREAD 1
| #define DLOPEN_FLAG (RTLD_LAZY)
| #define SHARED_LIB_EXT ".so"
| #define SIZEOF_SHORT 2
| #define SIZEOF_INT 4
| #define SIZEOF_LONG 8
| /* end confdefs.h.  */
| 
| /* Override any GCC internal prototype to avoid an error.
|    Use char because int might match the return type of a GCC
|    builtin and then its argument prototype would still apply.  */
| #ifdef __cplusplus
| extern "C"
| #endif
| char snd_pcm_open ();
| int
| main ()
| {
| return snd_pcm_open ();
|   ;
|   return 0;
| }
configure:12709: result: no
configure:12717: checking alsa/asoundlib.h usability
configure:12717: gcc -c -D__NO_MATH_INLINES -fsigned-char  -DAO_BUILDING_LIBAO  conftest.c >&5
conftest.c:64:10: fatal error: 'alsa/asoundlib.h' file not found
#include <alsa/asoundlib.h>
         ^
1 error generated.
configure:12717: $? = 1
configure: failed program was:
| /* confdefs.h */
| #define PACKAGE_NAME "libao"
| #define PACKAGE_TARNAME "libao"
| #define PACKAGE_VERSION "1.2.0"
| #define PACKAGE_STRING "libao 1.2.0"
| #define PACKAGE_BUGREPORT "monty@xiph.org"
| #define PACKAGE_URL ""
| #define PACKAGE "libao"
| #define VERSION "1.2.0"
| #define STDC_HEADERS 1
| #define HAVE_SYS_TYPES_H 1
| #define HAVE_SYS_STAT_H 1
| #define HAVE_STDLIB_H 1
| #define HAVE_STRING_H 1
| #define HAVE_MEMORY_H 1
| #define HAVE_STRINGS_H 1
| #define HAVE_INTTYPES_H 1
| #define HAVE_STDINT_H 1
| #define HAVE_UNISTD_H 1
| #define HAVE_DLFCN_H 1
| #define LT_OBJDIR ".libs/"
| #define HAVE_DLFCN_H 1
| #define HAVE_DLOPEN 1
| #define HAVE_LIBPTHREAD 1
| #define DLOPEN_FLAG (RTLD_LAZY)
| #define SHARED_LIB_EXT ".so"
| #define SIZEOF_SHORT 2
| #define SIZEOF_INT 4
| #define SIZEOF_LONG 8
| /* end confdefs.h.  */
| #include <stdio.h>
| #ifdef HAVE_SYS_TYPES_H
| # include <sys/types.h>
| #endif
| #ifdef HAVE_SYS_STAT_H
| # include <sys/stat.h>
| #endif
| #ifdef STDC_HEADERS
| # include <stdlib.h>
| # include <stddef.h>
| #else
| # ifdef HAVE_STDLIB_H
| #  include <stdlib.h>
| # endif
| #endif
| #ifdef HAVE_STRING_H
| # if !defined STDC_HEADERS && defined HAVE_MEMORY_H
| #  include <memory.h>
| # endif
| # include <string.h>
| #endif
| #ifdef HAVE_STRINGS_H
| # include <strings.h>
| #endif
| #ifdef HAVE_INTTYPES_H
| # include <inttypes.h>
| #endif
| #ifdef HAVE_STDINT_H
| # include <stdint.h>
| #endif
| #ifdef HAVE_UNISTD_H
| # include <unistd.h>
| #endif
| #include <alsa/asoundlib.h>
configure:12717: result: no
configure:12717: checking alsa/asoundlib.h presence
configure:12717: gcc -E  conftest.c
conftest.c:31:10: fatal error: 'alsa/asoundlib.h' file not found
#include <alsa/asoundlib.h>
         ^
1 error generated.
configure:12717: $? = 1
configure: failed program was:
| /* confdefs.h */
| #define PACKAGE_NAME "libao"
| #define PACKAGE_TARNAME "libao"
| #define PACKAGE_VERSION "1.2.0"
| #define PACKAGE_STRING "libao 1.2.0"
| #define PACKAGE_BUGREPORT "monty@xiph.org"
| #define PACKAGE_URL ""
| #define PACKAGE "libao"
| #define VERSION "1.2.0"
| #define STDC_HEADERS 1
| #define HAVE_SYS_TYPES_H 1
| #define HAVE_SYS_STAT_H 1
| #define HAVE_STDLIB_H 1
| #define HAVE_STRING_H 1
| #define HAVE_MEMORY_H 1
| #define HAVE_STRINGS_H 1
| #define HAVE_INTTYPES_H 1
| #define HAVE_STDINT_H 1
| #define HAVE_UNISTD_H 1
| #define HAVE_DLFCN_H 1
| #define LT_OBJDIR ".libs/"
| #define HAVE_DLFCN_H 1
| #define HAVE_DLOPEN 1
| #define HAVE_LIBPTHREAD 1
| #define DLOPEN_FLAG (RTLD_LAZY)
| #define SHARED_LIB_EXT ".so"
| #define SIZEOF_SHORT 2
| #define SIZEOF_INT 4
| #define SIZEOF_LONG 8
| /* end confdefs.h.  */
| #include <alsa/asoundlib.h>
configure:12717: result: no
configure:12717: checking for alsa/asoundlib.h
configure:12717: result: no
configure:12779: checking sys/audioio.h usability
configure:12779: gcc -c -D__NO_MATH_INLINES -fsigned-char  -DAO_BUILDING_LIBAO  conftest.c >&5
conftest.c:64:10: fatal error: 'sys/audioio.h' file not found
#include <sys/audioio.h>
         ^
1 error generated.
configure:12779: $? = 1
configure: failed program was:
| /* confdefs.h */
| #define PACKAGE_NAME "libao"
| #define PACKAGE_TARNAME "libao"
| #define PACKAGE_VERSION "1.2.0"
| #define PACKAGE_STRING "libao 1.2.0"
| #define PACKAGE_BUGREPORT "monty@xiph.org"
| #define PACKAGE_URL ""
| #define PACKAGE "libao"
| #define VERSION "1.2.0"
| #define STDC_HEADERS 1
| #define HAVE_SYS_TYPES_H 1
| #define HAVE_SYS_STAT_H 1
| #define HAVE_STDLIB_H 1
| #define HAVE_STRING_H 1
| #define HAVE_MEMORY_H 1
| #define HAVE_STRINGS_H 1
| #define HAVE_INTTYPES_H 1
| #define HAVE_STDINT_H 1
| #define HAVE_UNISTD_H 1
| #define HAVE_DLFCN_H 1
| #define LT_OBJDIR ".libs/"
| #define HAVE_DLFCN_H 1
| #define HAVE_DLOPEN 1
| #define HAVE_LIBPTHREAD 1
| #define DLOPEN_FLAG (RTLD_LAZY)
| #define SHARED_LIB_EXT ".so"
| #define SIZEOF_SHORT 2
| #define SIZEOF_INT 4
| #define SIZEOF_LONG 8
| /* end confdefs.h.  */
| #include <stdio.h>
| #ifdef HAVE_SYS_TYPES_H
| # include <sys/types.h>
| #endif
| #ifdef HAVE_SYS_STAT_H
| # include <sys/stat.h>
| #endif
| #ifdef STDC_HEADERS
| # include <stdlib.h>
| # include <stddef.h>
| #else
| # ifdef HAVE_STDLIB_H
| #  include <stdlib.h>
| # endif
| #endif
| #ifdef HAVE_STRING_H
| # if !defined STDC_HEADERS && defined HAVE_MEMORY_H
| #  include <memory.h>
| # endif
| # include <string.h>
| #endif
| #ifdef HAVE_STRINGS_H
| # include <strings.h>
| #endif
| #ifdef HAVE_INTTYPES_H
| # include <inttypes.h>
| #endif
| #ifdef HAVE_STDINT_H
| # include <stdint.h>
| #endif
| #ifdef HAVE_UNISTD_H
| # include <unistd.h>
| #endif
| #include <sys/audioio.h>
configure:12779: result: no
configure:12779: checking sys/audioio.h presence
configure:12779: gcc -E  conftest.c
conftest.c:31:10: fatal error: 'sys/audioio.h' file not found
#include <sys/audioio.h>
         ^
1 error generated.
configure:12779: $? = 1
configure: failed program was:
| /* confdefs.h */
| #define PACKAGE_NAME "libao"
| #define PACKAGE_TARNAME "libao"
| #define PACKAGE_VERSION "1.2.0"
| #define PACKAGE_STRING "libao 1.2.0"
| #define PACKAGE_BUGREPORT "monty@xiph.org"
| #define PACKAGE_URL ""
| #define PACKAGE "libao"
| #define VERSION "1.2.0"
| #define STDC_HEADERS 1
| #define HAVE_SYS_TYPES_H 1
| #define HAVE_SYS_STAT_H 1
| #define HAVE_STDLIB_H 1
| #define HAVE_STRING_H 1
| #define HAVE_MEMORY_H 1
| #define HAVE_STRINGS_H 1
| #define HAVE_INTTYPES_H 1
| #define HAVE_STDINT_H 1
| #define HAVE_UNISTD_H 1
| #define HAVE_DLFCN_H 1
| #define LT_OBJDIR ".libs/"
| #define HAVE_DLFCN_H 1
| #define HAVE_DLOPEN 1
| #define HAVE_LIBPTHREAD 1
| #define DLOPEN_FLAG (RTLD_LAZY)
| #define SHARED_LIB_EXT ".so"
| #define SIZEOF_SHORT 2
| #define SIZEOF_INT 4
| #define SIZEOF_LONG 8
| /* end confdefs.h.  */
| #include <sys/audioio.h>
configure:12779: result: no
configure:12779: checking for sys/audioio.h
configure:12779: result: no
configure:12802: checking sndio.h usability
configure:12802: gcc -c -D__NO_MATH_INLINES -fsigned-char  -DAO_BUILDING_LIBAO  conftest.c >&5
conftest.c:64:10: fatal error: 'sndio.h' file not found
#include <sndio.h>
         ^
1 error generated.
configure:12802: $? = 1
configure: failed program was:
| /* confdefs.h */
| #define PACKAGE_NAME "libao"
| #define PACKAGE_TARNAME "libao"
| #define PACKAGE_VERSION "1.2.0"
| #define PACKAGE_STRING "libao 1.2.0"
| #define PACKAGE_BUGREPORT "monty@xiph.org"
| #define PACKAGE_URL ""
| #define PACKAGE "libao"
| #define VERSION "1.2.0"
| #define STDC_HEADERS 1
| #define HAVE_SYS_TYPES_H 1
| #define HAVE_SYS_STAT_H 1
| #define HAVE_STDLIB_H 1
| #define HAVE_STRING_H 1
| #define HAVE_MEMORY_H 1
| #define HAVE_STRINGS_H 1
| #define HAVE_INTTYPES_H 1
| #define HAVE_STDINT_H 1
| #define HAVE_UNISTD_H 1
| #define HAVE_DLFCN_H 1
| #define LT_OBJDIR ".libs/"
| #define HAVE_DLFCN_H 1
| #define HAVE_DLOPEN 1
| #define HAVE_LIBPTHREAD 1
| #define DLOPEN_FLAG (RTLD_LAZY)
| #define SHARED_LIB_EXT ".so"
| #define SIZEOF_SHORT 2
| #define SIZEOF_INT 4
| #define SIZEOF_LONG 8
| /* end confdefs.h.  */
| #include <stdio.h>
| #ifdef HAVE_SYS_TYPES_H
| # include <sys/types.h>
| #endif
| #ifdef HAVE_SYS_STAT_H
| # include <sys/stat.h>
| #endif
| #ifdef STDC_HEADERS
| # include <stdlib.h>
| # include <stddef.h>
| #else
| # ifdef HAVE_STDLIB_H
| #  include <stdlib.h>
| # endif
| #endif
| #ifdef HAVE_STRING_H
| # if !defined STDC_HEADERS && defined HAVE_MEMORY_H
| #  include <memory.h>
| # endif
| # include <string.h>
| #endif
| #ifdef HAVE_STRINGS_H
| # include <strings.h>
| #endif
| #ifdef HAVE_INTTYPES_H
| # include <inttypes.h>
| #endif
| #ifdef HAVE_STDINT_H
| # include <stdint.h>
| #endif
| #ifdef HAVE_UNISTD_H
| # include <unistd.h>
| #endif
| #include <sndio.h>
configure:12802: result: no
configure:12802: checking sndio.h presence
configure:12802: gcc -E  conftest.c
conftest.c:31:10: fatal error: 'sndio.h' file not found
#include <sndio.h>
         ^
1 error generated.
configure:12802: $? = 1
configure: failed program was:
| /* confdefs.h */
| #define PACKAGE_NAME "libao"
| #define PACKAGE_TARNAME "libao"
| #define PACKAGE_VERSION "1.2.0"
| #define PACKAGE_STRING "libao 1.2.0"
| #define PACKAGE_BUGREPORT "monty@xiph.org"
| #define PACKAGE_URL ""
| #define PACKAGE "libao"
| #define VERSION "1.2.0"
| #define STDC_HEADERS 1
| #define HAVE_SYS_TYPES_H 1
| #define HAVE_SYS_STAT_H 1
| #define HAVE_STDLIB_H 1
| #define HAVE_STRING_H 1
| #define HAVE_MEMORY_H 1
| #define HAVE_STRINGS_H 1
| #define HAVE_INTTYPES_H 1
| #define HAVE_STDINT_H 1
| #define HAVE_UNISTD_H 1
| #define HAVE_DLFCN_H 1
| #define LT_OBJDIR ".libs/"
| #define HAVE_DLFCN_H 1
| #define HAVE_DLOPEN 1
| #define HAVE_LIBPTHREAD 1
| #define DLOPEN_FLAG (RTLD_LAZY)
| #define SHARED_LIB_EXT ".so"
| #define SIZEOF_SHORT 2
| #define SIZEOF_INT 4
| #define SIZEOF_LONG 8
| /* end confdefs.h.  */
| #include <sndio.h>
configure:12802: result: no
configure:12802: checking for sndio.h
configure:12802: result: no
configure:12825: checking libroar/config.h usability
configure:12825: gcc -c -D__NO_MATH_INLINES -fsigned-char  -DAO_BUILDING_LIBAO  conftest.c >&5
conftest.c:64:10: fatal error: 'libroar/config.h' file not found
#include <libroar/config.h>
         ^
1 error generated.
configure:12825: $? = 1
configure: failed program was:
| /* confdefs.h */
| #define PACKAGE_NAME "libao"
| #define PACKAGE_TARNAME "libao"
| #define PACKAGE_VERSION "1.2.0"
| #define PACKAGE_STRING "libao 1.2.0"
| #define PACKAGE_BUGREPORT "monty@xiph.org"
| #define PACKAGE_URL ""
| #define PACKAGE "libao"
| #define VERSION "1.2.0"
| #define STDC_HEADERS 1
| #define HAVE_SYS_TYPES_H 1
| #define HAVE_SYS_STAT_H 1
| #define HAVE_STDLIB_H 1
| #define HAVE_STRING_H 1
| #define HAVE_MEMORY_H 1
| #define HAVE_STRINGS_H 1
| #define HAVE_INTTYPES_H 1
| #define HAVE_STDINT_H 1
| #define HAVE_UNISTD_H 1
| #define HAVE_DLFCN_H 1
| #define LT_OBJDIR ".libs/"
| #define HAVE_DLFCN_H 1
| #define HAVE_DLOPEN 1
| #define HAVE_LIBPTHREAD 1
| #define DLOPEN_FLAG (RTLD_LAZY)
| #define SHARED_LIB_EXT ".so"
| #define SIZEOF_SHORT 2
| #define SIZEOF_INT 4
| #define SIZEOF_LONG 8
| /* end confdefs.h.  */
| #include <stdio.h>
| #ifdef HAVE_SYS_TYPES_H
| # include <sys/types.h>
| #endif
| #ifdef HAVE_SYS_STAT_H
| # include <sys/stat.h>
| #endif
| #ifdef STDC_HEADERS
| # include <stdlib.h>
| # include <stddef.h>
| #else
| # ifdef HAVE_STDLIB_H
| #  include <stdlib.h>
| # endif
| #endif
| #ifdef HAVE_STRING_H
| # if !defined STDC_HEADERS && defined HAVE_MEMORY_H
| #  include <memory.h>
| # endif
| # include <string.h>
| #endif
| #ifdef HAVE_STRINGS_H
| # include <strings.h>
| #endif
| #ifdef HAVE_INTTYPES_H
| # include <inttypes.h>
| #endif
| #ifdef HAVE_STDINT_H
| # include <stdint.h>
| #endif
| #ifdef HAVE_UNISTD_H
| # include <unistd.h>
| #endif
| #include <libroar/config.h>
configure:12825: result: no
configure:12825: checking libroar/config.h presence
configure:12825: gcc -E  conftest.c
conftest.c:31:10: fatal error: 'libroar/config.h' file not found
#include <libroar/config.h>
         ^
1 error generated.
configure:12825: $? = 1
configure: failed program was:
| /* confdefs.h */
| #define PACKAGE_NAME "libao"
| #define PACKAGE_TARNAME "libao"
| #define PACKAGE_VERSION "1.2.0"
| #define PACKAGE_STRING "libao 1.2.0"
| #define PACKAGE_BUGREPORT "monty@xiph.org"
| #define PACKAGE_URL ""
| #define PACKAGE "libao"
| #define VERSION "1.2.0"
| #define STDC_HEADERS 1
| #define HAVE_SYS_TYPES_H 1
| #define HAVE_SYS_STAT_H 1
| #define HAVE_STDLIB_H 1
| #define HAVE_STRING_H 1
| #define HAVE_MEMORY_H 1
| #define HAVE_STRINGS_H 1
| #define HAVE_INTTYPES_H 1
| #define HAVE_STDINT_H 1
| #define HAVE_UNISTD_H 1
| #define HAVE_DLFCN_H 1
| #define LT_OBJDIR ".libs/"
| #define HAVE_DLFCN_H 1
| #define HAVE_DLOPEN 1
| #define HAVE_LIBPTHREAD 1
| #define DLOPEN_FLAG (RTLD_LAZY)
| #define SHARED_LIB_EXT ".so"
| #define SIZEOF_SHORT 2
| #define SIZEOF_INT 4
| #define SIZEOF_LONG 8
| /* end confdefs.h.  */
| #include <libroar/config.h>
configure:12825: result: no
configure:12825: checking for libroar/config.h
configure:12825: result: no
configure:13169: checking for X
configure:13277: gcc -E  conftest.c
conftest.c:31:10: fatal error: 'X11/Xlib.h' file not found
#include <X11/Xlib.h>
         ^
1 error generated.
configure:13277: $? = 1
configure: failed program was:
| /* confdefs.h */
| #define PACKAGE_NAME "libao"
| #define PACKAGE_TARNAME "libao"
| #define PACKAGE_VERSION "1.2.0"
| #define PACKAGE_STRING "libao 1.2.0"
| #define PACKAGE_BUGREPORT "monty@xiph.org"
| #define PACKAGE_URL ""
| #define PACKAGE "libao"
| #define VERSION "1.2.0"
| #define STDC_HEADERS 1
| #define HAVE_SYS_TYPES_H 1
| #define HAVE_SYS_STAT_H 1
| #define HAVE_STDLIB_H 1
| #define HAVE_STRING_H 1
| #define HAVE_MEMORY_H 1
| #define HAVE_STRINGS_H 1
| #define HAVE_INTTYPES_H 1
| #define HAVE_STDINT_H 1
| #define HAVE_UNISTD_H 1
| #define HAVE_DLFCN_H 1
| #define LT_OBJDIR ".libs/"
| #define HAVE_DLFCN_H 1
| #define HAVE_DLOPEN 1
| #define HAVE_LIBPTHREAD 1
| #define DLOPEN_FLAG (RTLD_LAZY)
| #define SHARED_LIB_EXT ".so"
| #define SIZEOF_SHORT 2
| #define SIZEOF_INT 4
| #define SIZEOF_LONG 8
| /* end confdefs.h.  */
| #include <X11/Xlib.h>
configure:13308: gcc -o conftest -D__NO_MATH_INLINES -fsigned-char  -DAO_BUILDING_LIBAO   conftest.c -lX11 -lpthread  >&5
conftest.c:31:10: fatal error: 'X11/Xlib.h' file not found
#include <X11/Xlib.h>
         ^
1 error generated.
configure:13308: $? = 1
configure: failed program was:
| /* confdefs.h */
| #define PACKAGE_NAME "libao"
| #define PACKAGE_TARNAME "libao"
| #define PACKAGE_VERSION "1.2.0"
| #define PACKAGE_STRING "libao 1.2.0"
| #define PACKAGE_BUGREPORT "monty@xiph.org"
| #define PACKAGE_URL ""
| #define PACKAGE "libao"
| #define VERSION "1.2.0"
| #define STDC_HEADERS 1
| #define HAVE_SYS_TYPES_H 1
| #define HAVE_SYS_STAT_H 1
| #define HAVE_STDLIB_H 1
| #define HAVE_STRING_H 1
| #define HAVE_MEMORY_H 1
| #define HAVE_STRINGS_H 1
| #define HAVE_INTTYPES_H 1
| #define HAVE_STDINT_H 1
| #define HAVE_UNISTD_H 1
| #define HAVE_DLFCN_H 1
| #define LT_OBJDIR ".libs/"
| #define HAVE_DLFCN_H 1
| #define HAVE_DLOPEN 1
| #define HAVE_LIBPTHREAD 1
| #define DLOPEN_FLAG (RTLD_LAZY)
| #define SHARED_LIB_EXT ".so"
| #define SIZEOF_SHORT 2
| #define SIZEOF_INT 4
| #define SIZEOF_LONG 8
| /* end confdefs.h.  */
| #include <X11/Xlib.h>
| int
| main ()
| {
| XrmInitialize ()
|   ;
|   return 0;
| }
configure:13358: result: libraries /usr/X11/lib, headers /usr/X11/include
configure:13378: checking whether -R must be followed by a space
configure:13394: gcc -o conftest -D__NO_MATH_INLINES -fsigned-char  -DAO_BUILDING_LIBAO   conftest.c -lpthread  -R/usr/X11/lib >&5
clang: warning: argument unused during compilation: '-R/usr/X11/lib'
configure:13394: $? = 0
configure: failed program was:
| /* confdefs.h */
| #define PACKAGE_NAME "libao"
| #define PACKAGE_TARNAME "libao"
| #define PACKAGE_VERSION "1.2.0"
| #define PACKAGE_STRING "libao 1.2.0"
| #define PACKAGE_BUGREPORT "monty@xiph.org"
| #define PACKAGE_URL ""
| #define PACKAGE "libao"
| #define VERSION "1.2.0"
| #define STDC_HEADERS 1
| #define HAVE_SYS_TYPES_H 1
| #define HAVE_SYS_STAT_H 1
| #define HAVE_STDLIB_H 1
| #define HAVE_STRING_H 1
| #define HAVE_MEMORY_H 1
| #define HAVE_STRINGS_H 1
| #define HAVE_INTTYPES_H 1
| #define HAVE_STDINT_H 1
| #define HAVE_UNISTD_H 1
| #define HAVE_DLFCN_H 1
| #define LT_OBJDIR ".libs/"
| #define HAVE_DLFCN_H 1
| #define HAVE_DLOPEN 1
| #define HAVE_LIBPTHREAD 1
| #define DLOPEN_FLAG (RTLD_LAZY)
| #define SHARED_LIB_EXT ".so"
| #define SIZEOF_SHORT 2
| #define SIZEOF_INT 4
| #define SIZEOF_LONG 8
| /* end confdefs.h.  */
| 
| int
| main ()
| {
| 
|   ;
|   return 0;
| }
configure:13411: gcc -o conftest -D__NO_MATH_INLINES -fsigned-char  -DAO_BUILDING_LIBAO   conftest.c -lpthread  -R /usr/X11/lib >&5
clang: warning: argument unused during compilation: '-R'
ld: can't map file, errno=22 file '/usr/X11/lib' for architecture x86_64
clang: error: linker command failed with exit code 1 (use -v to see invocation)
configure:13411: $? = 1
configure: failed program was:
| /* confdefs.h */
| #define PACKAGE_NAME "libao"
| #define PACKAGE_TARNAME "libao"
| #define PACKAGE_VERSION "1.2.0"
| #define PACKAGE_STRING "libao 1.2.0"
| #define PACKAGE_BUGREPORT "monty@xiph.org"
| #define PACKAGE_URL ""
| #define PACKAGE "libao"
| #define VERSION "1.2.0"
| #define STDC_HEADERS 1
| #define HAVE_SYS_TYPES_H 1
| #define HAVE_SYS_STAT_H 1
| #define HAVE_STDLIB_H 1
| #define HAVE_STRING_H 1
| #define HAVE_MEMORY_H 1
| #define HAVE_STRINGS_H 1
| #define HAVE_INTTYPES_H 1
| #define HAVE_STDINT_H 1
| #define HAVE_UNISTD_H 1
| #define HAVE_DLFCN_H 1
| #define LT_OBJDIR ".libs/"
| #define HAVE_DLFCN_H 1
| #define HAVE_DLOPEN 1
| #define HAVE_LIBPTHREAD 1
| #define DLOPEN_FLAG (RTLD_LAZY)
| #define SHARED_LIB_EXT ".so"
| #define SIZEOF_SHORT 2
| #define SIZEOF_INT 4
| #define SIZEOF_LONG 8
| /* end confdefs.h.  */
| 
| int
| main ()
| {
| 
|   ;
|   return 0;
| }
configure:13416: result: neither works
configure:13457: gcc -o conftest -D__NO_MATH_INLINES -fsigned-char  -DAO_BUILDING_LIBAO   conftest.c -lpthread   -L/usr/X11/lib -lX11 >&5
configure:13457: $? = 0
configure:13555: checking for gethostbyname
configure:13555: gcc -o conftest -D__NO_MATH_INLINES -fsigned-char  -DAO_BUILDING_LIBAO   conftest.c -lpthread  >&5
configure:13555: $? = 0
configure:13555: result: yes
configure:13652: checking for connect
configure:13652: gcc -o conftest -D__NO_MATH_INLINES -fsigned-char  -DAO_BUILDING_LIBAO   conftest.c -lpthread  >&5
configure:13652: $? = 0
configure:13652: result: yes
configure:13701: checking for remove
configure:13701: gcc -o conftest -D__NO_MATH_INLINES -fsigned-char  -DAO_BUILDING_LIBAO   conftest.c -lpthread  >&5
configure:13701: $? = 0
configure:13701: result: yes
configure:13750: checking for shmat
configure:13750: gcc -o conftest -D__NO_MATH_INLINES -fsigned-char  -DAO_BUILDING_LIBAO   conftest.c -lpthread  >&5
configure:13750: $? = 0
configure:13750: result: yes
configure:13808: checking for IceConnectionNumber in -lICE
configure:13833: gcc -o conftest -D__NO_MATH_INLINES -fsigned-char  -DAO_BUILDING_LIBAO   -L/usr/X11/lib conftest.c -lICE  -lpthread  >&5
configure:13833: $? = 0
configure:13842: result: yes
configure:13852: checking for XauFileName in -lXau
configure:13877: gcc -o conftest -D__NO_MATH_INLINES -fsigned-char  -DAO_BUILDING_LIBAO   conftest.c -lXau  -L/usr/X11/lib -lpthread  >&5
configure:13877: $? = 0
configure:13886: result: yes
configure:13894: checking for AuOpenServer in -laudio
configure:13919: gcc -o conftest -D__NO_MATH_INLINES -fsigned-char  -DAO_BUILDING_LIBAO   conftest.c -laudio -lXau  -L/usr/X11/lib -lpthread  >&5
ld: library not found for -laudio
clang: error: linker command failed with exit code 1 (use -v to see invocation)
configure:13919: $? = 1
configure: failed program was:
| /* confdefs.h */
| #define PACKAGE_NAME "libao"
| #define PACKAGE_TARNAME "libao"
| #define PACKAGE_VERSION "1.2.0"
| #define PACKAGE_STRING "libao 1.2.0"
| #define PACKAGE_BUGREPORT "monty@xiph.org"
| #define PACKAGE_URL ""
| #define PACKAGE "libao"
| #define VERSION "1.2.0"
| #define STDC_HEADERS 1
| #define HAVE_SYS_TYPES_H 1
| #define HAVE_SYS_STAT_H 1
| #define HAVE_STDLIB_H 1
| #define HAVE_STRING_H 1
| #define HAVE_MEMORY_H 1
| #define HAVE_STRINGS_H 1
| #define HAVE_INTTYPES_H 1
| #define HAVE_STDINT_H 1
| #define HAVE_UNISTD_H 1
| #define HAVE_DLFCN_H 1
| #define LT_OBJDIR ".libs/"
| #define HAVE_DLFCN_H 1
| #define HAVE_DLOPEN 1
| #define HAVE_LIBPTHREAD 1
| #define DLOPEN_FLAG (RTLD_LAZY)
| #define SHARED_LIB_EXT ".so"
| #define SIZEOF_SHORT 2
| #define SIZEOF_INT 4
| #define SIZEOF_LONG 8
| /* end confdefs.h.  */
| 
| /* Override any GCC internal prototype to avoid an error.
|    Use char because int might match the return type of a GCC
|    builtin and then its argument prototype would still apply.  */
| #ifdef __cplusplus
| extern "C"
| #endif
| char AuOpenServer ();
| int
| main ()
| {
| return AuOpenServer ();
|   ;
|   return 0;
| }
configure:13928: result: no
configure:13939: checking audio/audiolib.h usability
configure:13939: gcc -c -D__NO_MATH_INLINES -fsigned-char  -DAO_BUILDING_LIBAO   -I/usr/X11/include conftest.c >&5
conftest.c:64:10: fatal error: 'audio/audiolib.h' file not found
#include <audio/audiolib.h>
         ^
1 error generated.
configure:13939: $? = 1
configure: failed program was:
| /* confdefs.h */
| #define PACKAGE_NAME "libao"
| #define PACKAGE_TARNAME "libao"
| #define PACKAGE_VERSION "1.2.0"
| #define PACKAGE_STRING "libao 1.2.0"
| #define PACKAGE_BUGREPORT "monty@xiph.org"
| #define PACKAGE_URL ""
| #define PACKAGE "libao"
| #define VERSION "1.2.0"
| #define STDC_HEADERS 1
| #define HAVE_SYS_TYPES_H 1
| #define HAVE_SYS_STAT_H 1
| #define HAVE_STDLIB_H 1
| #define HAVE_STRING_H 1
| #define HAVE_MEMORY_H 1
| #define HAVE_STRINGS_H 1
| #define HAVE_INTTYPES_H 1
| #define HAVE_STDINT_H 1
| #define HAVE_UNISTD_H 1
| #define HAVE_DLFCN_H 1
| #define LT_OBJDIR ".libs/"
| #define HAVE_DLFCN_H 1
| #define HAVE_DLOPEN 1
| #define HAVE_LIBPTHREAD 1
| #define DLOPEN_FLAG (RTLD_LAZY)
| #define SHARED_LIB_EXT ".so"
| #define SIZEOF_SHORT 2
| #define SIZEOF_INT 4
| #define SIZEOF_LONG 8
| /* end confdefs.h.  */
| #include <stdio.h>
| #ifdef HAVE_SYS_TYPES_H
| # include <sys/types.h>
| #endif
| #ifdef HAVE_SYS_STAT_H
| # include <sys/stat.h>
| #endif
| #ifdef STDC_HEADERS
| # include <stdlib.h>
| # include <stddef.h>
| #else
| # ifdef HAVE_STDLIB_H
| #  include <stdlib.h>
| # endif
| #endif
| #ifdef HAVE_STRING_H
| # if !defined STDC_HEADERS && defined HAVE_MEMORY_H
| #  include <memory.h>
| # endif
| # include <string.h>
| #endif
| #ifdef HAVE_STRINGS_H
| # include <strings.h>
| #endif
| #ifdef HAVE_INTTYPES_H
| # include <inttypes.h>
| #endif
| #ifdef HAVE_STDINT_H
| # include <stdint.h>
| #endif
| #ifdef HAVE_UNISTD_H
| # include <unistd.h>
| #endif
| #include <audio/audiolib.h>
configure:13939: result: no
configure:13939: checking audio/audiolib.h presence
configure:13939: gcc -E   -I/usr/X11/include conftest.c
conftest.c:31:10: fatal error: 'audio/audiolib.h' file not found
#include <audio/audiolib.h>
         ^
1 error generated.
configure:13939: $? = 1
configure: failed program was:
| /* confdefs.h */
| #define PACKAGE_NAME "libao"
| #define PACKAGE_TARNAME "libao"
| #define PACKAGE_VERSION "1.2.0"
| #define PACKAGE_STRING "libao 1.2.0"
| #define PACKAGE_BUGREPORT "monty@xiph.org"
| #define PACKAGE_URL ""
| #define PACKAGE "libao"
| #define VERSION "1.2.0"
| #define STDC_HEADERS 1
| #define HAVE_SYS_TYPES_H 1
| #define HAVE_SYS_STAT_H 1
| #define HAVE_STDLIB_H 1
| #define HAVE_STRING_H 1
| #define HAVE_MEMORY_H 1
| #define HAVE_STRINGS_H 1
| #define HAVE_INTTYPES_H 1
| #define HAVE_STDINT_H 1
| #define HAVE_UNISTD_H 1
| #define HAVE_DLFCN_H 1
| #define LT_OBJDIR ".libs/"
| #define HAVE_DLFCN_H 1
| #define HAVE_DLOPEN 1
| #define HAVE_LIBPTHREAD 1
| #define DLOPEN_FLAG (RTLD_LAZY)
| #define SHARED_LIB_EXT ".so"
| #define SIZEOF_SHORT 2
| #define SIZEOF_INT 4
| #define SIZEOF_LONG 8
| /* end confdefs.h.  */
| #include <audio/audiolib.h>
configure:13939: result: no
configure:13939: checking for audio/audiolib.h
configure:13939: result: no
configure:13986: checking for pkg-config
configure:14004: found /usr/local/bin/pkg-config
configure:14017: result: /usr/local/bin/pkg-config
configure:14035: checking for  libpulse-simple >= 0.9 
configure:14039: result: yes
configure:14043: checking PULSE_CFLAGS
configure:14046: result: -D_REENTRANT -I/usr/local/Cellar/pulseaudio/5.0/include 
configure:14049: checking PULSE_LIBS
configure:14052: result: -L/usr/local/Cellar/pulseaudio/5.0/lib -lpulse-simple -lpulse 
configure:14248: checking that generated files are newer than configure
configure:14254: result: done
configure:14341: creating ./config.status

## ---------------------- ##
## Running config.status. ##
## ---------------------- ##

This file was extended by libao config.status 1.2.0, which was
generated by GNU Autoconf 2.69.  Invocation command line was

  CONFIG_FILES    = 
  CONFIG_HEADERS  = 
  CONFIG_LINKS    = 
  CONFIG_COMMANDS = 
  $ ./config.status 

on dhcp-clara-2699.redrover.cornell.edu

config.status:1089: creating Makefile
config.status:1089: creating src/Makefile
config.status:1089: creating doc/Makefile
config.status:1089: creating include/Makefile
config.status:1089: creating include/ao/Makefile
config.status:1089: creating include/ao/os_types.h
config.status:1089: creating src/plugins/Makefile
config.status:1089: creating src/plugins/esd/Makefile
config.status:1089: creating src/plugins/oss/Makefile
config.status:1089: creating src/plugins/alsa/Makefile
config.status:1089: creating src/plugins/sun/Makefile
config.status:1089: creating src/plugins/irix/Makefile
config.status:1089: creating src/plugins/arts/Makefile
config.status:1089: creating src/plugins/macosx/Makefile
config.status:1089: creating src/plugins/nas/Makefile
config.status:1089: creating src/plugins/pulse/Makefile
config.status:1089: creating src/plugins/sndio/Makefile
config.status:1089: creating src/plugins/roar/Makefile
config.status:1089: creating ao.pc
config.status:1261: executing depfiles commands
config.status:1261: executing libtool commands
configure:16553: result:
------------------------------------------------------------------------
  libao 1.2.0:  Automatic configuration OK.

  Backends to be built:

    AU file output: .............. yes
    RAW file output: ............. yes
    WAV file output: ............. yes

    AIX live output: ............. no
    ALSA live output: ............ no
    ARTS live output: ............ no
    ESD live output: ............. no
    IRIX live output: ............ no
    MACOSX live output: .......... yes
    NAS live output: ............. no
    NULL live output: ............ yes
    OSS live output: ............. no
    PULSE live output: ........... yes
    ROAR live output: ............ no
    SNDIO live output: ........... no
    SUN live output: ............. no
    Windows WMM live output: ..... no

  Installation paths:

    libao: ....................... /usr/local/lib
    C header files: .............. /usr/local/include/ao
    Documentation: ............... /usr/local/share/doc/libao

  Building:

    Type 'make' to compile libao.

    Type 'make install' to install libao.

------------------------------------------------------------------------


## ---------------- ##
## Cache variables. ##
## ---------------- ##

ac_cv_build=x86_64-apple-darwin13.4.0
ac_cv_c_compiler_gnu=yes
ac_cv_env_CC_set=
ac_cv_env_CC_value=
ac_cv_env_CFLAGS_set=
ac_cv_env_CFLAGS_value=
ac_cv_env_CPPFLAGS_set=
ac_cv_env_CPPFLAGS_value=
ac_cv_env_CPP_set=
ac_cv_env_CPP_value=
ac_cv_env_LDFLAGS_set=
ac_cv_env_LDFLAGS_value=
ac_cv_env_LIBS_set=
ac_cv_env_LIBS_value=
ac_cv_env_XMKMF_set=
ac_cv_env_XMKMF_value=
ac_cv_env_build_alias_set=
ac_cv_env_build_alias_value=
ac_cv_env_host_alias_set=
ac_cv_env_host_alias_value=
ac_cv_env_target_alias_set=
ac_cv_env_target_alias_value=
ac_cv_func_connect=yes
ac_cv_func_gethostbyname=yes
ac_cv_func_remove=yes
ac_cv_func_shmat=yes
ac_cv_have_x='have_x=yes	ac_x_includes='\''/usr/X11/include'\''	ac_x_libraries='\''/usr/X11/lib'\'''
ac_cv_header_alsa_asoundlib_h=no
ac_cv_header_audio_audiolib_h=no
ac_cv_header_dlfcn_h=yes
ac_cv_header_inttypes_h=yes
ac_cv_header_libroar_config_h=no
ac_cv_header_machine_soundcard_h=no
ac_cv_header_memory_h=yes
ac_cv_header_sndio_h=no
ac_cv_header_stdc=yes
ac_cv_header_stdint_h=yes
ac_cv_header_stdlib_h=yes
ac_cv_header_string_h=yes
ac_cv_header_strings_h=yes
ac_cv_header_sys_audioio_h=no
ac_cv_header_sys_soundcard_h=no
ac_cv_header_sys_stat_h=yes
ac_cv_header_sys_types_h=yes
ac_cv_header_unistd_h=yes
ac_cv_host=x86_64-apple-darwin13.4.0
ac_cv_lib_ICE_IceConnectionNumber=yes
ac_cv_lib_Xau_XauFileName=yes
ac_cv_lib_asound_snd_pcm_open=no
ac_cv_lib_audio_AuOpenServer=no
ac_cv_lib_dl_dlopen=yes
ac_cv_lib_pthread_pthread_kill=yes
ac_cv_objext=o
ac_cv_path_EGREP='/usr/bin/grep -E'
ac_cv_path_ESD_CONFIG=no
ac_cv_path_FGREP='/usr/bin/grep -F'
ac_cv_path_GREP=/usr/bin/grep
ac_cv_path_PKG_CONFIG=/usr/local/bin/pkg-config
ac_cv_path_SED=/usr/bin/sed
ac_cv_path_install='/usr/bin/install -c'
ac_cv_prog_AWK=awk
ac_cv_prog_CPP='gcc -E'
ac_cv_prog_ac_ct_AR=ar
ac_cv_prog_ac_ct_CC=gcc
ac_cv_prog_ac_ct_DLLTOOL=dlltool
ac_cv_prog_ac_ct_DSYMUTIL=dsymutil
ac_cv_prog_ac_ct_LIPO=lipo
ac_cv_prog_ac_ct_NMEDIT=nmedit
ac_cv_prog_ac_ct_OBJDUMP=objdump
ac_cv_prog_ac_ct_OTOOL=otool
ac_cv_prog_ac_ct_RANLIB=ranlib
ac_cv_prog_ac_ct_STRIP=strip
ac_cv_prog_cc_c89=
ac_cv_prog_cc_g=yes
ac_cv_prog_make_make_set=yes
ac_cv_search_dlopen='none required'
ac_cv_sizeof_int=4
ac_cv_sizeof_long=8
ac_cv_sizeof_short=2
am_cv_CC_dependencies_compiler_type=gcc3
am_cv_make_support_nested_variables=yes
lt_cv_apple_cc_single_mod=yes
lt_cv_ar_at_file=no
lt_cv_deplibs_check_method=pass_all
lt_cv_dlopen=dlopen
lt_cv_dlopen_libs=-ldl
lt_cv_dlopen_self=yes
lt_cv_dlopen_self_static=yes
lt_cv_file_magic_cmd='$MAGIC_CMD'
lt_cv_file_magic_test_file=
lt_cv_ld_exported_symbols_list=yes
lt_cv_ld_force_load=yes
lt_cv_ld_reload_flag=-r
lt_cv_nm_interface='BSD nm'
lt_cv_objdir=.libs
lt_cv_path_LD=/Applications/Xcode.app/Contents/Developer/Toolchains/XcodeDefault.xctoolchain/usr/bin/ld
lt_cv_path_NM=/usr/bin/nm
lt_cv_path_mainfest_tool=no
lt_cv_prog_compiler_c_o=yes
lt_cv_prog_compiler_pic='-fno-common -DPIC'
lt_cv_prog_compiler_pic_works=yes
lt_cv_prog_compiler_rtti_exceptions=yes
lt_cv_prog_compiler_static_works=no
lt_cv_prog_gnu_ld=no
lt_cv_sharedlib_from_linklib_cmd='printf %s\n'
lt_cv_sys_global_symbol_pipe='sed -n -e '\''s/^.*[	 ]\([BCDEGRST][BCDEGRST]*\)[	 ][	 ]*_\([_A-Za-z][_A-Za-z0-9]*\)$/\1 _\2 \2/p'\'' | sed '\''/ __gnu_lto/d'\'''
lt_cv_sys_global_symbol_to_c_name_address='sed -n -e '\''s/^: \([^ ]*\)[ ]*$/  {\"\1\", (void *) 0},/p'\'' -e '\''s/^[BCDEGRST]* \([^ ]*\) \([^ ]*\)$/  {"\2", (void *) \&\2},/p'\'''
lt_cv_sys_global_symbol_to_c_name_address_lib_prefix='sed -n -e '\''s/^: \([^ ]*\)[ ]*$/  {\"\1\", (void *) 0},/p'\'' -e '\''s/^[BCDEGRST]* \([^ ]*\) \(lib[^ ]*\)$/  {"\2", (void *) \&\2},/p'\'' -e '\''s/^[BCDEGRST]* \([^ ]*\) \([^ ]*\)$/  {"lib\2", (void *) \&\2},/p'\'''
lt_cv_sys_global_symbol_to_cdecl='sed -n -e '\''s/^T .* \(.*\)$/extern int \1();/p'\'' -e '\''s/^[BCDEGRST]* .* \(.*\)$/extern char \1;/p'\'''
lt_cv_sys_max_cmd_len=196608
lt_cv_to_host_file_cmd=func_convert_file_noop
lt_cv_to_tool_file_cmd=func_convert_file_noop

## ----------------- ##
## Output variables. ##
## ----------------- ##

ACLOCAL='${SHELL} /Users/dudicusmafudicus/fp_mario/libao-1.2.0/missing aclocal-1.13'
ALSA_LIBS=''
AMDEPBACKSLASH='\'
AMDEP_FALSE='#'
AMDEP_TRUE=''
AMTAR='$${TAR-tar}'
AM_BACKSLASH='\'
AM_DEFAULT_V='$(AM_DEFAULT_VERBOSITY)'
AM_DEFAULT_VERBOSITY='1'
AM_V='$(V)'
AR='ar'
ARTSC_CONFIG=''
ARTSGLIB_CFLAGS=''
ARTSGLIB_LIBS=''
ARTS_CFLAGS=''
ARTS_LIBS=''
AS='as'
AUTOCONF='${SHELL} /Users/dudicusmafudicus/fp_mario/libao-1.2.0/missing autoconf'
AUTOHEADER='${SHELL} /Users/dudicusmafudicus/fp_mario/libao-1.2.0/missing autoheader'
AUTOMAKE='${SHELL} /Users/dudicusmafudicus/fp_mario/libao-1.2.0/missing automake-1.13'
AWK='awk'
BINDIR='/usr/local/bin'
CC='gcc'
CCDEPMODE='depmode=gcc3'
CFLAGS='-D__NO_MATH_INLINES -fsigned-char  -DAO_BUILDING_LIBAO'
CPP='gcc -E'
CPPFLAGS=''
CYGPATH_W='echo'
DEBUG='-g -Wall -D__NO_MATH_INLINES -fsigned-char  -DAO_BUILDING_LIBAO'
DEFS='-DPACKAGE_NAME=\"libao\" -DPACKAGE_TARNAME=\"libao\" -DPACKAGE_VERSION=\"1.2.0\" -DPACKAGE_STRING=\"libao\ 1.2.0\" -DPACKAGE_BUGREPORT=\"monty@xiph.org\" -DPACKAGE_URL=\"\" -DPACKAGE=\"libao\" -DVERSION=\"1.2.0\" -DSTDC_HEADERS=1 -DHAVE_SYS_TYPES_H=1 -DHAVE_SYS_STAT_H=1 -DHAVE_STDLIB_H=1 -DHAVE_STRING_H=1 -DHAVE_MEMORY_H=1 -DHAVE_STRINGS_H=1 -DHAVE_INTTYPES_H=1 -DHAVE_STDINT_H=1 -DHAVE_UNISTD_H=1 -DHAVE_DLFCN_H=1 -DLT_OBJDIR=\".libs/\" -DHAVE_DLFCN_H=1 -DHAVE_DLOPEN=1 -DHAVE_LIBPTHREAD=1 -DDLOPEN_FLAG=\(RTLD_LAZY\) -DSHARED_LIB_EXT=\".so\" -DSIZEOF_SHORT=2 -DSIZEOF_INT=4 -DSIZEOF_LONG=8'
DEPDIR='.deps'
DLLTOOL='dlltool'
DOCDIR='/usr/local/share/doc/libao'
DSYMUTIL='dsymutil'
DUMPBIN=''
ECHO_C='\c'
ECHO_N=''
ECHO_T=''
EGREP='/usr/bin/grep -E'
ESD_CFLAGS=''
ESD_CONFIG='no'
ESD_LIBS=''
EXEEXT=''
FGREP='/usr/bin/grep -F'
GREP='/usr/bin/grep'
HAVE_AIX_AUDIO_FALSE=''
HAVE_AIX_AUDIO_TRUE='#'
HAVE_ALSA_FALSE=''
HAVE_ALSA_TRUE='#'
HAVE_ARTS_FALSE=''
HAVE_ARTS_TRUE='#'
HAVE_ESD_FALSE=''
HAVE_ESD_TRUE='#'
HAVE_IRIX_FALSE=''
HAVE_IRIX_TRUE='#'
HAVE_LD_VERSION_SCRIPT_FALSE=''
HAVE_LD_VERSION_SCRIPT_TRUE='#'
HAVE_MACOSX_FALSE='#'
HAVE_MACOSX_TRUE=''
HAVE_NAS_FALSE=''
HAVE_NAS_TRUE='#'
HAVE_OSS_FALSE=''
HAVE_OSS_TRUE='#'
HAVE_PULSE_FALSE='#'
HAVE_PULSE_TRUE=''
HAVE_ROAR_AUDIO_FALSE=''
HAVE_ROAR_AUDIO_TRUE='#'
HAVE_SNDIO_AUDIO_FALSE=''
HAVE_SNDIO_AUDIO_TRUE='#'
HAVE_SOLARIS_FALSE=''
HAVE_SOLARIS_TRUE='#'
HAVE_SUN_AUDIO_FALSE=''
HAVE_SUN_AUDIO_TRUE='#'
HAVE_WMM_FALSE=''
HAVE_WMM_TRUE='#'
INCLUDEDIR='/usr/local/include'
INSTALL_DATA='${INSTALL} -m 644'
INSTALL_PROGRAM='${INSTALL}'
INSTALL_SCRIPT='${INSTALL}'
INSTALL_STRIP_PROGRAM='$(install_sh) -c -s'
LD='/Applications/Xcode.app/Contents/Developer/Toolchains/XcodeDefault.xctoolchain/usr/bin/ld'
LDFLAGS=''
LIBAO_LA_LDFLAGS=''
LIBDIR='/usr/local/lib'
LIBOBJS=''
LIBS='-lpthread '
LIBTOOL='$(SHELL) $(top_builddir)/libtool'
LIB_AGE='1'
LIB_CURRENT='5'
LIB_REVISION='0'
LIPO='lipo'
LN_S='ln -s'
LTLIBOBJS=''
MAINT='#'
MAINTAINER_MODE_FALSE=''
MAINTAINER_MODE_TRUE='#'
MAKEINFO='${SHELL} /Users/dudicusmafudicus/fp_mario/libao-1.2.0/missing makeinfo'
MANIFEST_TOOL=':'
MKDIR_P='./install-sh -c -d'
NAS_CFLAGS=''
NAS_LIBS=''
NM='/usr/bin/nm'
NMEDIT='nmedit'
OBJDUMP='objdump'
OBJEXT='o'
OTOOL64=':'
OTOOL='otool'
PACKAGE='libao'
PACKAGE_BUGREPORT='monty@xiph.org'
PACKAGE_NAME='libao'
PACKAGE_STRING='libao 1.2.0'
PACKAGE_TARNAME='libao'
PACKAGE_URL=''
PACKAGE_VERSION='1.2.0'
PATH_SEPARATOR=':'
PKG_CONFIG='/usr/local/bin/pkg-config'
PLUGIN_LDFLAGS='-module -avoid-version'
PROFILE='-g -pg -D__NO_MATH_INLINES -fsigned-char  -DAO_BUILDING_LIBAO'
PULSE_CFLAGS='-D_REENTRANT -I/usr/local/Cellar/pulseaudio/5.0/include '
PULSE_LIBS='-L/usr/local/Cellar/pulseaudio/5.0/lib -lpulse-simple -lpulse '
RANLIB='ranlib'
SED='/usr/bin/sed'
SET_MAKE=''
SHELL='/bin/sh'
SIZE16='short'
SIZE32='int'
SLP_DEF='-DROAR_LIBROAR_CONFIG_WAS_NO_SLP'
STRIP='strip'
VERSION='1.2.0'
WMM_LIBS=''
XMKMF=''
X_CFLAGS=' -I/usr/X11/include'
X_EXTRA_LIBS=''
X_LIBS=' -L/usr/X11/lib'
X_PRE_LIBS=' -lSM -lICE'
ac_ct_AR='ar'
ac_ct_CC='gcc'
ac_ct_DUMPBIN=''
am__EXEEXT_FALSE=''
am__EXEEXT_TRUE='#'
am__fastdepCC_FALSE='#'
am__fastdepCC_TRUE=''
am__include='include'
am__isrc=''
am__leading_dot='.'
am__nodep='_no'
am__quote=''
am__tar='$${TAR-tar} chof - "$$tardir"'
am__untar='$${TAR-tar} xf -'
bindir='${exec_prefix}/bin'
build='x86_64-apple-darwin13.4.0'
build_alias=''
build_cpu='x86_64'
build_os='darwin13.4.0'
build_vendor='apple'
datadir='${datarootdir}'
datarootdir='${prefix}/share'
docdir='${datarootdir}/doc/${PACKAGE_TARNAME}'
dvidir='${docdir}'
exec_prefix='${prefix}'
host='x86_64-apple-darwin13.4.0'
host_alias=''
host_cpu='x86_64'
host_os='darwin13.4.0'
host_vendor='apple'
htmldir='${docdir}'
includedir='${prefix}/include'
infodir='${datarootdir}/info'
install_sh='${SHELL} /Users/dudicusmafudicus/fp_mario/libao-1.2.0/install-sh'
libdir='${exec_prefix}/lib'
libexecdir='${exec_prefix}/libexec'
localedir='${datarootdir}/locale'
localstatedir='${prefix}/var'
mandir='${datarootdir}/man'
mkdir_p='$(MKDIR_P)'
oldincludedir='/usr/include'
pdfdir='${docdir}'
plugindir='${exec_prefix}/lib/ao/plugins-4'
prefix='/usr/local'
program_transform_name='s,x,x,'
psdir='${docdir}'
sbindir='${exec_prefix}/sbin'
sharedstatedir='${prefix}/com'
sysconfdir='${prefix}/etc'
target_alias=''

## ----------- ##
## confdefs.h. ##
## ----------- ##

/* confdefs.h */
#define PACKAGE_NAME "libao"
#define PACKAGE_TARNAME "libao"
#define PACKAGE_VERSION "1.2.0"
#define PACKAGE_STRING "libao 1.2.0"
#define PACKAGE_BUGREPORT "monty@xiph.org"
#define PACKAGE_URL ""
#define PACKAGE "libao"
#define VERSION "1.2.0"
#define STDC_HEADERS 1
#define HAVE_SYS_TYPES_H 1
#define HAVE_SYS_STAT_H 1
#define HAVE_STDLIB_H 1
#define HAVE_STRING_H 1
#define HAVE_MEMORY_H 1
#define HAVE_STRINGS_H 1
#define HAVE_INTTYPES_H 1
#define HAVE_STDINT_H 1
#define HAVE_UNISTD_H 1
#define HAVE_DLFCN_H 1
#define LT_OBJDIR ".libs/"
#define HAVE_DLFCN_H 1
#define HAVE_DLOPEN 1
#define HAVE_LIBPTHREAD 1
#define DLOPEN_FLAG (RTLD_LAZY)
#define SHARED_LIB_EXT ".so"
#define SIZEOF_SHORT 2
#define SIZEOF_INT 4
#define SIZEOF_LONG 8

configure: exit 0
